<?xml version="1.0"?>
<!DOCTYPE coverage SYSTEM "http://cobertura.sourceforge.net/xml/coverage-04.dtd">

<coverage line-rate="1.0" branch-rate="1.0" lines-covered="30" lines-valid="30" branches-covered="0" branches-valid="0" complexity="1.4" version="2.0.3" timestamp="1418250516674">
	<sources>
		<source>--source</source>
		<source>/Users/krotscheck/Desktop/github/jersey2-toolkit/target/checkout/jersey2-configuration/src/main/java</source>
	</sources>
	<packages>
		<package name="net.krotscheck.jersey2.configuration" line-rate="1.0" branch-rate="1.0" complexity="1.4">
			<classes>
				<class name="net.krotscheck.jersey2.configuration.ConfigurationFeature" filename="net/krotscheck/jersey2/configuration/ConfigurationFeature.java" line-rate="1.0" branch-rate="1.0" complexity="1.0">
					<methods>
						<method name="&lt;init&gt;" signature="()V" line-rate="1.0" branch-rate="1.0">
							<lines>
								<line number="32" hits="1" branch="false"/>
							</lines>
						</method>
						<method name="configure" signature="(Ljavax/ws/rs/core/FeatureContext;)Z" line-rate="1.0" branch-rate="1.0">
							<lines>
								<line number="42" hits="1" branch="false"/>
								<line number="43" hits="1" branch="false"/>
							</lines>
						</method>
					</methods>
					<lines>
						<line number="32" hits="1" branch="false"/>
						<line number="42" hits="1" branch="false"/>
						<line number="43" hits="1" branch="false"/>
					</lines>
				</class>
				<class name="net.krotscheck.jersey2.configuration.Jersey2ToolkitConfig" filename="net/krotscheck/jersey2/configuration/Jersey2ToolkitConfig.java" line-rate="1.0" branch-rate="1.0" complexity="1.5">
					<methods>
						<method name="&lt;clinit&gt;" signature="()V" line-rate="1.0" branch-rate="1.0">
							<lines>
								<line number="44" hits="1" branch="false"/>
							</lines>
						</method>
						<method name="&lt;init&gt;" signature="()V" line-rate="1.0" branch-rate="1.0">
							<lines>
								<line number="49" hits="6" branch="false"/>
								<line number="50" hits="6" branch="false"/>
								<line number="51" hits="6" branch="false"/>
								<line number="52" hits="6" branch="false"/>
								<line number="53" hits="6" branch="false"/>
								<line number="54" hits="6" branch="false"/>
								<line number="55" hits="6" branch="false"/>
								<line number="56" hits="6" branch="false"/>
							</lines>
						</method>
						<method name="buildToolkitConfig" signature="()Lorg/apache/commons/configuration/Configuration;" line-rate="1.0" branch-rate="1.0">
							<lines>
								<line number="85" hits="6" branch="false"/>
								<line number="86" hits="6" branch="false"/>
								<line number="87" hits="6" branch="false"/>
								<line number="88" hits="1" branch="false"/>
								<line number="89" hits="1" branch="false"/>
								<line number="93" hits="1" branch="false"/>
							</lines>
						</method>
						<method name="buildVersionConfig" signature="()Lorg/apache/commons/configuration/Configuration;" line-rate="1.0" branch-rate="1.0">
							<lines>
								<line number="67" hits="6" branch="false"/>
								<line number="68" hits="6" branch="false"/>
								<line number="70" hits="6" branch="false"/>
								<line number="71" hits="6" branch="false"/>
								<line number="73" hits="6" branch="false"/>
							</lines>
						</method>
					</methods>
					<lines>
						<line number="44" hits="1" branch="false"/>
						<line number="49" hits="6" branch="false"/>
						<line number="50" hits="6" branch="false"/>
						<line number="51" hits="6" branch="false"/>
						<line number="52" hits="6" branch="false"/>
						<line number="53" hits="6" branch="false"/>
						<line number="54" hits="6" branch="false"/>
						<line number="55" hits="6" branch="false"/>
						<line number="56" hits="6" branch="false"/>
						<line number="67" hits="6" branch="false"/>
						<line number="68" hits="6" branch="false"/>
						<line number="70" hits="6" branch="false"/>
						<line number="71" hits="6" branch="false"/>
						<line number="73" hits="6" branch="false"/>
						<line number="85" hits="6" branch="false"/>
						<line number="86" hits="6" branch="false"/>
						<line number="87" hits="6" branch="false"/>
						<line number="88" hits="1" branch="false"/>
						<line number="89" hits="1" branch="false"/>
						<line number="93" hits="1" branch="false"/>
					</lines>
				</class>
				<class name="net.krotscheck.jersey2.configuration.Jersey2ToolkitConfig$Binder" filename="net/krotscheck/jersey2/configuration/Jersey2ToolkitConfig.java" line-rate="1.0" branch-rate="1.0" complexity="1.5">
					<methods>
						<method name="&lt;init&gt;" signature="()V" line-rate="1.0" branch-rate="1.0">
							<lines>
								<line number="100" hits="1" branch="false"/>
							</lines>
						</method>
						<method name="configure" signature="()V" line-rate="1.0" branch-rate="1.0">
							<lines>
								<line number="104" hits="1" branch="false"/>
								<line number="105" hits="1" branch="false"/>
								<line number="106" hits="1" branch="false"/>
								<line number="107" hits="1" branch="false"/>
								<line number="108" hits="1" branch="false"/>
								<line number="109" hits="1" branch="false"/>
							</lines>
						</method>
					</methods>
					<lines>
						<line number="100" hits="1" branch="false"/>
						<line number="104" hits="1" branch="false"/>
						<line number="105" hits="1" branch="false"/>
						<line number="106" hits="1" branch="false"/>
						<line number="107" hits="1" branch="false"/>
						<line number="108" hits="1" branch="false"/>
						<line number="109" hits="1" branch="false"/>
					</lines>
				</class>
			</classes>
		</package>
	</packages>
</coverage>
