<?xml version="1.0"?>
<!DOCTYPE coverage SYSTEM "http://cobertura.sourceforge.net/xml/coverage-04.dtd">

<coverage line-rate="1.0" branch-rate="1.0" lines-covered="12" lines-valid="12" branches-covered="0" branches-valid="0" complexity="1.0" version="2.0.3" timestamp="1418249954618">
	<sources>
		<source>--source</source>
		<source>/Users/krotscheck/Desktop/github/jersey2-toolkit/target/checkout/jersey2-http/src/main/java</source>
	</sources>
	<packages>
		<package name="net.krotscheck.jersey2.http" line-rate="1.0" branch-rate="1.0" complexity="1.0">
			<classes>
				<class name="net.krotscheck.jersey2.http.HttpFeature" filename="net/krotscheck/jersey2/http/HttpFeature.java" line-rate="1.0" branch-rate="1.0" complexity="1.0">
					<methods>
						<method name="&lt;init&gt;" signature="()V" line-rate="1.0" branch-rate="1.0">
							<lines>
								<line number="33" hits="1" branch="false"/>
							</lines>
						</method>
						<method name="configure" signature="(Ljavax/ws/rs/core/FeatureContext;)Z" line-rate="1.0" branch-rate="1.0">
							<lines>
								<line number="44" hits="1" branch="false"/>
								<line number="45" hits="1" branch="false"/>
							</lines>
						</method>
					</methods>
					<lines>
						<line number="33" hits="1" branch="false"/>
						<line number="44" hits="1" branch="false"/>
						<line number="45" hits="1" branch="false"/>
					</lines>
				</class>
			</classes>
		</package>
		<package name="net.krotscheck.jersey2.http.header" line-rate="1.0" branch-rate="1.0" complexity="1.0">
			<classes>
				<class name="net.krotscheck.jersey2.http.header.AcceptsHeader" filename="net/krotscheck/jersey2/http/header/AcceptsHeader.java" line-rate="1.0" branch-rate="1.0" complexity="1.0">
					<methods>
						<method name="&lt;init&gt;" signature="(Ljava/lang/String;)V" line-rate="1.0" branch-rate="1.0">
							<lines>
								<line number="47" hits="2" branch="false"/>
								<line number="48" hits="2" branch="false"/>
							</lines>
						</method>
					</methods>
					<lines>
						<line number="47" hits="2" branch="false"/>
						<line number="48" hits="2" branch="false"/>
					</lines>
				</class>
				<class name="net.krotscheck.jersey2.http.header.AcceptsHeader$Binder" filename="net/krotscheck/jersey2/http/header/AcceptsHeader.java" line-rate="1.0" branch-rate="1.0" complexity="1.0">
					<methods>
						<method name="&lt;init&gt;" signature="()V" line-rate="1.0" branch-rate="1.0">
							<lines>
								<line number="53" hits="1" branch="false"/>
							</lines>
						</method>
						<method name="configure" signature="()V" line-rate="1.0" branch-rate="1.0">
							<lines>
								<line number="57" hits="1" branch="false"/>
								<line number="58" hits="1" branch="false"/>
								<line number="59" hits="1" branch="false"/>
								<line number="60" hits="1" branch="false"/>
								<line number="61" hits="1" branch="false"/>
								<line number="62" hits="1" branch="false"/>
							</lines>
						</method>
					</methods>
					<lines>
						<line number="53" hits="1" branch="false"/>
						<line number="57" hits="1" branch="false"/>
						<line number="58" hits="1" branch="false"/>
						<line number="59" hits="1" branch="false"/>
						<line number="60" hits="1" branch="false"/>
						<line number="61" hits="1" branch="false"/>
						<line number="62" hits="1" branch="false"/>
					</lines>
				</class>
			</classes>
		</package>
	</packages>
</coverage>
