<?xml version="1.0"?>
<!DOCTYPE coverage SYSTEM "http://cobertura.sourceforge.net/xml/coverage-04.dtd">

<coverage line-rate="0.9024390243902439" branch-rate="0.5" lines-covered="37" lines-valid="41" branches-covered="1" branches-valid="2" complexity="1.5384615384615385" version="2.0.3" timestamp="1412223114912">
	<sources>
		<source>--source</source>
		<source>/Users/krotscheck/Desktop/jersey2-toolkit/target/checkout/jersey2-vfs2/src/main/java</source>
	</sources>
	<packages>
		<package name="net.krotscheck.jersey2.vfs2" line-rate="0.9024390243902439" branch-rate="0.5" complexity="1.5384615384615385">
			<classes>
				<class name="net.krotscheck.jersey2.vfs2.AbstractFileSystemFactory" filename="net/krotscheck/jersey2/vfs2/AbstractFileSystemFactory.java" line-rate="0.7777777777777778" branch-rate="1.0" complexity="1.4285714285714286">
					<methods>
						<method name="&lt;clinit&gt;" signature="()V" line-rate="1.0" branch-rate="1.0">
							<lines>
								<line number="44" hits="1" branch="false"/>
							</lines>
						</method>
						<method name="&lt;init&gt;" signature="()V" line-rate="1.0" branch-rate="1.0">
							<lines>
							</lines>
						</method>
						<method name="dispose" signature="(Ljava/lang/Object;)V" line-rate="1.0" branch-rate="1.0">
							<lines>
							</lines>
						</method>
						<method name="dispose" signature="(Lorg/apache/commons/vfs2/FileSystem;)V" line-rate="1.0" branch-rate="1.0">
							<lines>
								<line number="135" hits="1" branch="false"/>
								<line number="137" hits="1" branch="false"/>
								<line number="138" hits="1" branch="false"/>
							</lines>
						</method>
						<method name="getManager" signature="()Lorg/apache/commons/vfs2/FileSystemManager;" line-rate="0.0" branch-rate="1.0">
							<lines>
								<line number="64" hits="0" branch="false"/>
							</lines>
						</method>
						<method name="getToolkitConfig" signature="()Lnet/krotscheck/jersey2/configuration/Jersey2ToolkitConfig;" line-rate="0.0" branch-rate="1.0">
							<lines>
								<line number="84" hits="0" branch="false"/>
							</lines>
						</method>
						<method name="provide" signature="()Ljava/lang/Object;" line-rate="1.0" branch-rate="1.0">
							<lines>
								<line number="39" hits="4" branch="false"/>
							</lines>
						</method>
						<method name="provide" signature="()Lorg/apache/commons/vfs2/FileSystem;" line-rate="0.7142857142857143" branch-rate="1.0">
							<lines>
								<line number="114" hits="1" branch="false"/>
								<line number="116" hits="1" branch="false"/>
								<line number="117" hits="1" branch="false"/>
								<line number="119" hits="1" branch="false"/>
								<line number="120" hits="1" branch="false"/>
								<line number="121" hits="0" branch="false"/>
								<line number="122" hits="0" branch="false"/>
							</lines>
						</method>
						<method name="setManager" signature="(Lorg/apache/commons/vfs2/FileSystemManager;)V" line-rate="1.0" branch-rate="1.0">
							<lines>
								<line number="74" hits="2" branch="false"/>
								<line number="75" hits="2" branch="false"/>
							</lines>
						</method>
						<method name="setToolkitConfig" signature="(Lnet/krotscheck/jersey2/configuration/Jersey2ToolkitConfig;)V" line-rate="1.0" branch-rate="1.0">
							<lines>
								<line number="95" hits="2" branch="false"/>
								<line number="96" hits="2" branch="false"/>
							</lines>
						</method>
					</methods>
					<lines>
						<line number="39" hits="4" branch="false"/>
						<line number="44" hits="1" branch="false"/>
						<line number="64" hits="0" branch="false"/>
						<line number="74" hits="2" branch="false"/>
						<line number="75" hits="2" branch="false"/>
						<line number="84" hits="0" branch="false"/>
						<line number="95" hits="2" branch="false"/>
						<line number="96" hits="2" branch="false"/>
						<line number="114" hits="1" branch="false"/>
						<line number="116" hits="1" branch="false"/>
						<line number="117" hits="1" branch="false"/>
						<line number="119" hits="1" branch="false"/>
						<line number="120" hits="1" branch="false"/>
						<line number="121" hits="0" branch="false"/>
						<line number="122" hits="0" branch="false"/>
						<line number="135" hits="1" branch="false"/>
						<line number="137" hits="1" branch="false"/>
						<line number="138" hits="1" branch="false"/>
					</lines>
				</class>
				<class name="net.krotscheck.jersey2.vfs2.DefaultFileSystemFactory" filename="net/krotscheck/jersey2/vfs2/DefaultFileSystemFactory.java" line-rate="1.0" branch-rate="1.0" complexity="1.0">
					<methods>
						<method name="&lt;init&gt;" signature="()V" line-rate="1.0" branch-rate="1.0">
							<lines>
								<line number="32" hits="2" branch="false"/>
								<line number="52" hits="2" branch="false"/>
							</lines>
						</method>
						<method name="getFileSystemName" signature="()Ljava/lang/String;" line-rate="1.0" branch-rate="1.0">
							<lines>
								<line number="46" hits="1" branch="false"/>
							</lines>
						</method>
					</methods>
					<lines>
						<line number="32" hits="2" branch="false"/>
						<line number="46" hits="1" branch="false"/>
						<line number="52" hits="2" branch="false"/>
					</lines>
				</class>
				<class name="net.krotscheck.jersey2.vfs2.DefaultFileSystemFactory$Binder" filename="net/krotscheck/jersey2/vfs2/DefaultFileSystemFactory.java" line-rate="1.0" branch-rate="1.0" complexity="1.0">
					<methods>
						<method name="&lt;init&gt;" signature="()V" line-rate="1.0" branch-rate="1.0">
							<lines>
								<line number="52" hits="1" branch="false"/>
							</lines>
						</method>
						<method name="configure" signature="()V" line-rate="1.0" branch-rate="1.0">
							<lines>
								<line number="56" hits="1" branch="false"/>
								<line number="61" hits="1" branch="false"/>
							</lines>
						</method>
					</methods>
					<lines>
						<line number="52" hits="1" branch="false"/>
						<line number="56" hits="1" branch="false"/>
						<line number="61" hits="1" branch="false"/>
					</lines>
				</class>
				<class name="net.krotscheck.jersey2.vfs2.FileSystemManagerFactory" filename="net/krotscheck/jersey2/vfs2/FileSystemManagerFactory.java" line-rate="1.0" branch-rate="1.0" complexity="2.0">
					<methods>
						<method name="&lt;clinit&gt;" signature="()V" line-rate="1.0" branch-rate="1.0">
							<lines>
								<line number="42" hits="2" branch="false"/>
							</lines>
						</method>
						<method name="&lt;init&gt;" signature="()V" line-rate="1.0" branch-rate="1.0">
							<lines>
								<line number="73" hits="6" branch="false"/>
							</lines>
						</method>
						<method name="dispose" signature="(Ljava/lang/Object;)V" line-rate="1.0" branch-rate="1.0">
							<lines>
							</lines>
						</method>
						<method name="dispose" signature="(Lorg/apache/commons/vfs2/FileSystemManager;)V" line-rate="1.0" branch-rate="1.0">
							<lines>
								<line number="68" hits="3" branch="false"/>
							</lines>
						</method>
						<method name="provide" signature="()Ljava/lang/Object;" line-rate="1.0" branch-rate="1.0">
							<lines>
								<line number="36" hits="10" branch="false"/>
							</lines>
						</method>
						<method name="provide" signature="()Lorg/apache/commons/vfs2/FileSystemManager;" line-rate="1.0" branch-rate="1.0">
							<lines>
								<line number="53" hits="4" branch="false"/>
								<line number="54" hits="1" branch="false"/>
								<line number="55" hits="1" branch="false"/>
								<line number="56" hits="1" branch="false"/>
							</lines>
						</method>
					</methods>
					<lines>
						<line number="36" hits="10" branch="false"/>
						<line number="42" hits="2" branch="false"/>
						<line number="53" hits="4" branch="false"/>
						<line number="54" hits="1" branch="false"/>
						<line number="55" hits="1" branch="false"/>
						<line number="56" hits="1" branch="false"/>
						<line number="68" hits="3" branch="false"/>
						<line number="73" hits="6" branch="false"/>
					</lines>
				</class>
				<class name="net.krotscheck.jersey2.vfs2.FileSystemManagerFactory$Binder" filename="net/krotscheck/jersey2/vfs2/FileSystemManagerFactory.java" line-rate="1.0" branch-rate="1.0" complexity="2.0">
					<methods>
						<method name="&lt;init&gt;" signature="()V" line-rate="1.0" branch-rate="1.0">
							<lines>
								<line number="73" hits="3" branch="false"/>
							</lines>
						</method>
						<method name="configure" signature="()V" line-rate="1.0" branch-rate="1.0">
							<lines>
								<line number="77" hits="3" branch="false"/>
								<line number="80" hits="3" branch="false"/>
							</lines>
						</method>
					</methods>
					<lines>
						<line number="73" hits="3" branch="false"/>
						<line number="77" hits="3" branch="false"/>
						<line number="80" hits="3" branch="false"/>
					</lines>
				</class>
				<class name="net.krotscheck.jersey2.vfs2.VFS2Feature" filename="net/krotscheck/jersey2/vfs2/VFS2Feature.java" line-rate="1.0" branch-rate="0.5" complexity="2.0">
					<methods>
						<method name="&lt;init&gt;" signature="()V" line-rate="1.0" branch-rate="1.0">
							<lines>
								<line number="35" hits="1" branch="false"/>
							</lines>
						</method>
						<method name="configure" signature="(Ljavax/ws/rs/core/FeatureContext;)Z" line-rate="1.0" branch-rate="0.5">
							<lines>
								<line number="47" hits="1" branch="true" condition-coverage="50% (1/2)">
									<conditions>
										<condition number="0" type="jump" coverage="50%"/>
									</conditions>
								</line>
								<line number="49" hits="1" branch="false"/>
								<line number="52" hits="1" branch="false"/>
								<line number="53" hits="1" branch="false"/>
								<line number="55" hits="1" branch="false"/>
							</lines>
						</method>
					</methods>
					<lines>
						<line number="35" hits="1" branch="false"/>
						<line number="47" hits="1" branch="true" condition-coverage="50% (1/2)">
							<conditions>
								<condition number="0" type="jump" coverage="50%"/>
							</conditions>
						</line>
						<line number="49" hits="1" branch="false"/>
						<line number="52" hits="1" branch="false"/>
						<line number="53" hits="1" branch="false"/>
						<line number="55" hits="1" branch="false"/>
					</lines>
				</class>
			</classes>
		</package>
	</packages>
</coverage>
