<?xml version="1.0"?>
<!DOCTYPE coverage SYSTEM "http://cobertura.sourceforge.net/xml/coverage-04.dtd">

<coverage line-rate="1.0" branch-rate="1.0" lines-covered="181" lines-valid="181" branches-covered="30" branches-valid="30" complexity="1.6666666666666667" version="2.1.1" timestamp="1463864621471">
	<sources>
		<source>/Users/krotscheck/Desktop/dataplay/jersey2-toolkit/target/checkout/jersey2-hibernate/src/main/java</source>
		<source>--source</source>
		<source>/Users/krotscheck/Desktop/dataplay/jersey2-toolkit/target/checkout/jersey2-hibernate/target/generated-sources/annotations</source>
	</sources>
	<packages>
		<package name="net.krotscheck.jersey2.hibernate" line-rate="1.0" branch-rate="1.0" complexity="1.0">
			<classes>
				<class name="net.krotscheck.jersey2.hibernate.HibernateFeature" filename="net/krotscheck/jersey2/hibernate/HibernateFeature.java" line-rate="1.0" branch-rate="1.0" complexity="1.0">
					<methods>
						<method name="&lt;init&gt;" signature="()V" line-rate="1.0" branch-rate="1.0" complexity="0">
							<lines>
								<line number="40" hits="1" branch="false"/>
							</lines>
						</method>
						<method name="configure" signature="(Ljavax/ws/rs/core/FeatureContext;)Z" line-rate="1.0" branch-rate="1.0" complexity="0">
							<lines>
								<line number="52" hits="1" branch="false"/>
								<line number="53" hits="1" branch="false"/>
								<line number="54" hits="1" branch="false"/>
								<line number="55" hits="1" branch="false"/>
								<line number="56" hits="1" branch="false"/>
								<line number="58" hits="1" branch="false"/>
							</lines>
						</method>
					</methods>
					<lines>
						<line number="40" hits="1" branch="false"/>
						<line number="52" hits="1" branch="false"/>
						<line number="53" hits="1" branch="false"/>
						<line number="54" hits="1" branch="false"/>
						<line number="55" hits="1" branch="false"/>
						<line number="56" hits="1" branch="false"/>
						<line number="58" hits="1" branch="false"/>
					</lines>
				</class>
			</classes>
		</package>
		<package name="net.krotscheck.jersey2.hibernate.context" line-rate="1.0" branch-rate="1.0" complexity="1.3333333333333333">
			<classes>
				<class name="net.krotscheck.jersey2.hibernate.context.SearchIndexContextListener" filename="net/krotscheck/jersey2/hibernate/context/SearchIndexContextListener.java" line-rate="1.0" branch-rate="1.0" complexity="1.3333333333333333">
					<methods>
						<method name="&lt;clinit&gt;" signature="()V" line-rate="1.0" branch-rate="1.0" complexity="0">
							<lines>
								<line number="48" hits="8" branch="false"/>
								<line number="49" hits="4" branch="false"/>
							</lines>
						</method>
						<method name="&lt;init&gt;" signature="()V" line-rate="1.0" branch-rate="1.0" complexity="0">
							<lines>
								<line number="42" hits="2" branch="false"/>
							</lines>
						</method>
						<method name="contextDestroyed" signature="(Ljavax/servlet/ServletContextEvent;)V" line-rate="1.0" branch-rate="1.0" complexity="0">
							<lines>
								<line number="106" hits="1" branch="false"/>
							</lines>
						</method>
						<method name="contextInitialized" signature="(Ljavax/servlet/ServletContextEvent;)V" line-rate="1.0" branch-rate="1.0" complexity="0">
							<lines>
								<line number="77" hits="2" branch="false"/>
								<line number="80" hits="2" branch="false"/>
								<line number="83" hits="2" branch="false"/>
								<line number="86" hits="2" branch="false"/>
								<line number="89" hits="2" branch="false"/>
								<line number="90" hits="2" branch="false"/>
								<line number="91" hits="2" branch="false"/>
								<line number="92" hits="1" branch="false"/>
								<line number="93" hits="1" branch="false"/>
								<line number="94" hits="1" branch="false"/>
								<line number="97" hits="2" branch="false"/>
								<line number="98" hits="2" branch="false"/>
								<line number="99" hits="2" branch="false"/>
								<line number="100" hits="2" branch="false"/>
							</lines>
						</method>
						<method name="createSessionFactory" signature="()Lorg/hibernate/SessionFactory;" line-rate="1.0" branch-rate="1.0" complexity="0">
							<lines>
								<line number="58" hits="1" branch="false"/>
								<line number="61" hits="1" branch="false"/>
								<line number="64" hits="1" branch="false"/>
								<line number="65" hits="1" branch="false"/>
								<line number="66" hits="1" branch="false"/>
							</lines>
						</method>
					</methods>
					<lines>
						<line number="42" hits="2" branch="false"/>
						<line number="48" hits="8" branch="false"/>
						<line number="49" hits="4" branch="false"/>
						<line number="58" hits="1" branch="false"/>
						<line number="61" hits="1" branch="false"/>
						<line number="64" hits="1" branch="false"/>
						<line number="65" hits="1" branch="false"/>
						<line number="66" hits="1" branch="false"/>
						<line number="77" hits="2" branch="false"/>
						<line number="80" hits="2" branch="false"/>
						<line number="83" hits="2" branch="false"/>
						<line number="86" hits="2" branch="false"/>
						<line number="89" hits="2" branch="false"/>
						<line number="90" hits="2" branch="false"/>
						<line number="91" hits="2" branch="false"/>
						<line number="92" hits="1" branch="false"/>
						<line number="93" hits="1" branch="false"/>
						<line number="94" hits="1" branch="false"/>
						<line number="97" hits="2" branch="false"/>
						<line number="98" hits="2" branch="false"/>
						<line number="99" hits="2" branch="false"/>
						<line number="100" hits="2" branch="false"/>
						<line number="106" hits="1" branch="false"/>
					</lines>
				</class>
			</classes>
		</package>
		<package name="net.krotscheck.jersey2.hibernate.factory" line-rate="1.0" branch-rate="1.0" complexity="1.75">
			<classes>
				<class name="net.krotscheck.jersey2.hibernate.factory.FulltextSearchFactoryFactory" filename="net/krotscheck/jersey2/hibernate/factory/FulltextSearchFactoryFactory.java" line-rate="1.0" branch-rate="1.0" complexity="1.0">
					<methods>
						<method name="&lt;clinit&gt;" signature="()V" line-rate="1.0" branch-rate="1.0" complexity="0">
							<lines>
								<line number="43" hits="2" branch="false"/>
								<line number="44" hits="1" branch="false"/>
							</lines>
						</method>
						<method name="&lt;init&gt;" signature="(Lorg/hibernate/search/FullTextSession;)V" line-rate="1.0" branch-rate="1.0" complexity="0">
							<lines>
								<line number="57" hits="3" branch="false"/>
								<line number="58" hits="3" branch="false"/>
								<line number="59" hits="3" branch="false"/>
							</lines>
						</method>
						<method name="dispose" signature="(Ljava/lang/Object;)V" line-rate="1.0" branch-rate="1.0" complexity="0">
							<lines>
							</lines>
						</method>
						<method name="dispose" signature="(Lorg/hibernate/search/SearchFactory;)V" line-rate="1.0" branch-rate="1.0" complexity="0">
							<lines>
								<line number="80" hits="2" branch="false"/>
							</lines>
						</method>
						<method name="provide" signature="()Ljava/lang/Object;" line-rate="1.0" branch-rate="1.0" complexity="0">
							<lines>
								<line number="37" hits="2" branch="false"/>
							</lines>
						</method>
						<method name="provide" signature="()Lorg/hibernate/search/SearchFactory;" line-rate="1.0" branch-rate="1.0" complexity="0">
							<lines>
								<line number="68" hits="2" branch="false"/>
								<line number="69" hits="2" branch="false"/>
							</lines>
						</method>
					</methods>
					<lines>
						<line number="37" hits="2" branch="false"/>
						<line number="43" hits="2" branch="false"/>
						<line number="44" hits="1" branch="false"/>
						<line number="57" hits="3" branch="false"/>
						<line number="58" hits="3" branch="false"/>
						<line number="59" hits="3" branch="false"/>
						<line number="68" hits="2" branch="false"/>
						<line number="69" hits="2" branch="false"/>
						<line number="80" hits="2" branch="false"/>
					</lines>
				</class>
				<class name="net.krotscheck.jersey2.hibernate.factory.FulltextSearchFactoryFactory$Binder" filename="net/krotscheck/jersey2/hibernate/factory/FulltextSearchFactoryFactory.java" line-rate="1.0" branch-rate="1.0" complexity="1.0">
					<methods>
						<method name="&lt;init&gt;" signature="()V" line-rate="1.0" branch-rate="1.0" complexity="0">
							<lines>
								<line number="85" hits="2" branch="false"/>
							</lines>
						</method>
						<method name="configure" signature="()V" line-rate="1.0" branch-rate="1.0" complexity="0">
							<lines>
								<line number="89" hits="2" branch="false"/>
								<line number="90" hits="2" branch="false"/>
								<line number="91" hits="2" branch="false"/>
								<line number="92" hits="2" branch="false"/>
							</lines>
						</method>
					</methods>
					<lines>
						<line number="85" hits="2" branch="false"/>
						<line number="89" hits="2" branch="false"/>
						<line number="90" hits="2" branch="false"/>
						<line number="91" hits="2" branch="false"/>
						<line number="92" hits="2" branch="false"/>
					</lines>
				</class>
				<class name="net.krotscheck.jersey2.hibernate.factory.FulltextSessionFactory" filename="net/krotscheck/jersey2/hibernate/factory/FulltextSessionFactory.java" line-rate="1.0" branch-rate="1.0" complexity="1.5">
					<methods>
						<method name="&lt;clinit&gt;" signature="()V" line-rate="1.0" branch-rate="1.0" complexity="0">
							<lines>
								<line number="42" hits="2" branch="false"/>
								<line number="43" hits="1" branch="false"/>
							</lines>
						</method>
						<method name="&lt;init&gt;" signature="(Lorg/hibernate/Session;)V" line-rate="1.0" branch-rate="1.0" complexity="0">
							<lines>
								<line number="56" hits="3" branch="false"/>
								<line number="57" hits="3" branch="false"/>
								<line number="58" hits="3" branch="false"/>
							</lines>
						</method>
						<method name="dispose" signature="(Ljava/lang/Object;)V" line-rate="1.0" branch-rate="1.0" complexity="0">
							<lines>
							</lines>
						</method>
						<method name="dispose" signature="(Lorg/hibernate/search/FullTextSession;)V" line-rate="1.0" branch-rate="1.0" complexity="0">
							<lines>
								<line number="78" hits="4" branch="true" condition-coverage="100% (4/4)">
									<conditions>
										<condition number="0" type="jump" coverage="100%"/>
										<condition number="1" type="jump" coverage="100%"/>
									</conditions>
								</line>
								<line number="79" hits="1" branch="false"/>
								<line number="80" hits="1" branch="false"/>
								<line number="82" hits="4" branch="false"/>
							</lines>
						</method>
						<method name="provide" signature="()Ljava/lang/Object;" line-rate="1.0" branch-rate="1.0" complexity="0">
							<lines>
								<line number="37" hits="2" branch="false"/>
							</lines>
						</method>
						<method name="provide" signature="()Lorg/hibernate/search/FullTextSession;" line-rate="1.0" branch-rate="1.0" complexity="0">
							<lines>
								<line number="67" hits="2" branch="false"/>
								<line number="68" hits="2" branch="false"/>
							</lines>
						</method>
					</methods>
					<lines>
						<line number="37" hits="2" branch="false"/>
						<line number="42" hits="2" branch="false"/>
						<line number="43" hits="1" branch="false"/>
						<line number="56" hits="3" branch="false"/>
						<line number="57" hits="3" branch="false"/>
						<line number="58" hits="3" branch="false"/>
						<line number="67" hits="2" branch="false"/>
						<line number="68" hits="2" branch="false"/>
						<line number="78" hits="4" branch="true" condition-coverage="100% (4/4)">
							<conditions>
								<condition number="0" type="jump" coverage="100%"/>
								<condition number="1" type="jump" coverage="100%"/>
							</conditions>
						</line>
						<line number="79" hits="1" branch="false"/>
						<line number="80" hits="1" branch="false"/>
						<line number="82" hits="4" branch="false"/>
					</lines>
				</class>
				<class name="net.krotscheck.jersey2.hibernate.factory.FulltextSessionFactory$Binder" filename="net/krotscheck/jersey2/hibernate/factory/FulltextSessionFactory.java" line-rate="1.0" branch-rate="1.0" complexity="1.5">
					<methods>
						<method name="&lt;init&gt;" signature="()V" line-rate="1.0" branch-rate="1.0" complexity="0">
							<lines>
								<line number="87" hits="3" branch="false"/>
							</lines>
						</method>
						<method name="configure" signature="()V" line-rate="1.0" branch-rate="1.0" complexity="0">
							<lines>
								<line number="91" hits="3" branch="false"/>
								<line number="92" hits="3" branch="false"/>
								<line number="93" hits="3" branch="false"/>
								<line number="94" hits="3" branch="false"/>
							</lines>
						</method>
					</methods>
					<lines>
						<line number="87" hits="3" branch="false"/>
						<line number="91" hits="3" branch="false"/>
						<line number="92" hits="3" branch="false"/>
						<line number="93" hits="3" branch="false"/>
						<line number="94" hits="3" branch="false"/>
					</lines>
				</class>
				<class name="net.krotscheck.jersey2.hibernate.factory.HibernateServiceRegistryFactory" filename="net/krotscheck/jersey2/hibernate/factory/HibernateServiceRegistryFactory.java" line-rate="1.0" branch-rate="1.0" complexity="1.0">
					<methods>
						<method name="&lt;clinit&gt;" signature="()V" line-rate="1.0" branch-rate="1.0" complexity="0">
							<lines>
								<line number="44" hits="2" branch="false"/>
								<line number="45" hits="1" branch="false"/>
							</lines>
						</method>
						<method name="&lt;init&gt;" signature="()V" line-rate="1.0" branch-rate="1.0" complexity="0">
							<lines>
							</lines>
						</method>
						<method name="dispose" signature="(Ljava/lang/Object;)V" line-rate="1.0" branch-rate="1.0" complexity="0">
							<lines>
							</lines>
						</method>
						<method name="dispose" signature="(Lorg/hibernate/service/ServiceRegistry;)V" line-rate="1.0" branch-rate="1.0" complexity="0">
							<lines>
								<line number="68" hits="8" branch="false"/>
								<line number="69" hits="8" branch="false"/>
							</lines>
						</method>
						<method name="provide" signature="()Ljava/lang/Object;" line-rate="1.0" branch-rate="1.0" complexity="0">
							<lines>
								<line number="38" hits="31" branch="false"/>
							</lines>
						</method>
						<method name="provide" signature="()Lorg/hibernate/service/ServiceRegistry;" line-rate="1.0" branch-rate="1.0" complexity="0">
							<lines>
								<line number="54" hits="9" branch="false"/>
								<line number="56" hits="9" branch="false"/>
								<line number="57" hits="9" branch="false"/>
								<line number="58" hits="9" branch="false"/>
							</lines>
						</method>
					</methods>
					<lines>
						<line number="38" hits="31" branch="false"/>
						<line number="44" hits="2" branch="false"/>
						<line number="45" hits="1" branch="false"/>
						<line number="54" hits="9" branch="false"/>
						<line number="56" hits="9" branch="false"/>
						<line number="57" hits="9" branch="false"/>
						<line number="58" hits="9" branch="false"/>
						<line number="68" hits="8" branch="false"/>
						<line number="69" hits="8" branch="false"/>
					</lines>
				</class>
				<class name="net.krotscheck.jersey2.hibernate.factory.HibernateServiceRegistryFactory$Binder" filename="net/krotscheck/jersey2/hibernate/factory/HibernateServiceRegistryFactory.java" line-rate="1.0" branch-rate="1.0" complexity="1.0">
					<methods>
						<method name="&lt;init&gt;" signature="()V" line-rate="1.0" branch-rate="1.0" complexity="0">
							<lines>
								<line number="74" hits="8" branch="false"/>
							</lines>
						</method>
						<method name="configure" signature="()V" line-rate="1.0" branch-rate="1.0" complexity="0">
							<lines>
								<line number="78" hits="8" branch="false"/>
								<line number="79" hits="8" branch="false"/>
								<line number="80" hits="8" branch="false"/>
								<line number="81" hits="8" branch="false"/>
							</lines>
						</method>
					</methods>
					<lines>
						<line number="74" hits="8" branch="false"/>
						<line number="78" hits="8" branch="false"/>
						<line number="79" hits="8" branch="false"/>
						<line number="80" hits="8" branch="false"/>
						<line number="81" hits="8" branch="false"/>
					</lines>
				</class>
				<class name="net.krotscheck.jersey2.hibernate.factory.HibernateSessionFactory" filename="net/krotscheck/jersey2/hibernate/factory/HibernateSessionFactory.java" line-rate="1.0" branch-rate="1.0" complexity="1.5">
					<methods>
						<method name="&lt;clinit&gt;" signature="()V" line-rate="1.0" branch-rate="1.0" complexity="0">
							<lines>
								<line number="44" hits="2" branch="false"/>
								<line number="45" hits="1" branch="false"/>
							</lines>
						</method>
						<method name="&lt;init&gt;" signature="(Lorg/hibernate/SessionFactory;)V" line-rate="1.0" branch-rate="1.0" complexity="0">
							<lines>
								<line number="58" hits="4" branch="false"/>
								<line number="59" hits="4" branch="false"/>
								<line number="60" hits="4" branch="false"/>
							</lines>
						</method>
						<method name="dispose" signature="(Ljava/lang/Object;)V" line-rate="1.0" branch-rate="1.0" complexity="0">
							<lines>
							</lines>
						</method>
						<method name="dispose" signature="(Lorg/hibernate/Session;)V" line-rate="1.0" branch-rate="1.0" complexity="0">
							<lines>
								<line number="80" hits="4" branch="true" condition-coverage="100% (4/4)">
									<conditions>
										<condition number="0" type="jump" coverage="100%"/>
										<condition number="1" type="jump" coverage="100%"/>
									</conditions>
								</line>
								<line number="81" hits="2" branch="false"/>
								<line number="82" hits="2" branch="false"/>
								<line number="84" hits="4" branch="false"/>
							</lines>
						</method>
						<method name="provide" signature="()Ljava/lang/Object;" line-rate="1.0" branch-rate="1.0" complexity="0">
							<lines>
								<line number="39" hits="3" branch="false"/>
							</lines>
						</method>
						<method name="provide" signature="()Lorg/hibernate/Session;" line-rate="1.0" branch-rate="1.0" complexity="0">
							<lines>
								<line number="69" hits="3" branch="false"/>
								<line number="70" hits="3" branch="false"/>
							</lines>
						</method>
					</methods>
					<lines>
						<line number="39" hits="3" branch="false"/>
						<line number="44" hits="2" branch="false"/>
						<line number="45" hits="1" branch="false"/>
						<line number="58" hits="4" branch="false"/>
						<line number="59" hits="4" branch="false"/>
						<line number="60" hits="4" branch="false"/>
						<line number="69" hits="3" branch="false"/>
						<line number="70" hits="3" branch="false"/>
						<line number="80" hits="4" branch="true" condition-coverage="100% (4/4)">
							<conditions>
								<condition number="0" type="jump" coverage="100%"/>
								<condition number="1" type="jump" coverage="100%"/>
							</conditions>
						</line>
						<line number="81" hits="2" branch="false"/>
						<line number="82" hits="2" branch="false"/>
						<line number="84" hits="4" branch="false"/>
					</lines>
				</class>
				<class name="net.krotscheck.jersey2.hibernate.factory.HibernateSessionFactory$Binder" filename="net/krotscheck/jersey2/hibernate/factory/HibernateSessionFactory.java" line-rate="1.0" branch-rate="1.0" complexity="1.5">
					<methods>
						<method name="&lt;init&gt;" signature="()V" line-rate="1.0" branch-rate="1.0" complexity="0">
							<lines>
								<line number="89" hits="4" branch="false"/>
							</lines>
						</method>
						<method name="configure" signature="()V" line-rate="1.0" branch-rate="1.0" complexity="0">
							<lines>
								<line number="93" hits="4" branch="false"/>
								<line number="94" hits="4" branch="false"/>
								<line number="95" hits="4" branch="false"/>
								<line number="96" hits="4" branch="false"/>
							</lines>
						</method>
					</methods>
					<lines>
						<line number="89" hits="4" branch="false"/>
						<line number="93" hits="4" branch="false"/>
						<line number="94" hits="4" branch="false"/>
						<line number="95" hits="4" branch="false"/>
						<line number="96" hits="4" branch="false"/>
					</lines>
				</class>
				<class name="net.krotscheck.jersey2.hibernate.factory.HibernateSessionFactoryFactory" filename="net/krotscheck/jersey2/hibernate/factory/HibernateSessionFactoryFactory.java" line-rate="1.0" branch-rate="1.0" complexity="3.2">
					<methods>
						<method name="&lt;clinit&gt;" signature="()V" line-rate="1.0" branch-rate="1.0" complexity="0">
							<lines>
								<line number="64" hits="2" branch="false"/>
								<line number="65" hits="1" branch="false"/>
							</lines>
						</method>
						<method name="&lt;init&gt;" signature="(Lorg/hibernate/service/ServiceRegistry;Lorg/glassfish/hk2/api/ServiceLocator;)V" line-rate="1.0" branch-rate="1.0" complexity="0">
							<lines>
								<line number="76" hits="15" branch="false"/>
								<line number="77" hits="15" branch="false"/>
								<line number="78" hits="15" branch="false"/>
								<line number="79" hits="15" branch="false"/>
							</lines>
						</method>
						<method name="dispose" signature="(Ljava/lang/Object;)V" line-rate="1.0" branch-rate="1.0" complexity="0">
							<lines>
							</lines>
						</method>
						<method name="dispose" signature="(Lorg/hibernate/SessionFactory;)V" line-rate="1.0" branch-rate="1.0" complexity="0">
							<lines>
								<line number="119" hits="10" branch="true" condition-coverage="100% (4/4)">
									<conditions>
										<condition number="0" type="jump" coverage="100%"/>
										<condition number="1" type="jump" coverage="100%"/>
									</conditions>
								</line>
								<line number="120" hits="7" branch="false"/>
								<line number="121" hits="7" branch="false"/>
								<line number="123" hits="10" branch="false"/>
							</lines>
						</method>
						<method name="injectEventListeners" signature="(Lorg/hibernate/service/ServiceRegistry;)V" line-rate="1.0" branch-rate="1.0" complexity="0">
							<lines>
								<line number="133" hits="7" branch="false"/>
								<line number="134" hits="7" branch="false"/>
								<line number="136" hits="7" branch="false"/>
								<line number="137" hits="7" branch="false"/>
								<line number="138" hits="7" branch="true" condition-coverage="100% (2/2)">
									<conditions>
										<condition number="0" type="jump" coverage="100%"/>
									</conditions>
								</line>
								<line number="139" hits="6" branch="false"/>
								<line number="140" hits="3" branch="false"/>
								<line number="141" hits="3" branch="false"/>
								<line number="143" hits="3" branch="false"/>
								<line number="145" hits="7" branch="false"/>
								<line number="146" hits="7" branch="false"/>
								<line number="147" hits="7" branch="true" condition-coverage="100% (2/2)">
									<conditions>
										<condition number="0" type="jump" coverage="100%"/>
									</conditions>
								</line>
								<line number="148" hits="6" branch="false"/>
								<line number="149" hits="3" branch="false"/>
								<line number="150" hits="3" branch="false"/>
								<line number="152" hits="3" branch="false"/>
								<line number="154" hits="7" branch="false"/>
								<line number="155" hits="7" branch="false"/>
								<line number="156" hits="7" branch="true" condition-coverage="100% (2/2)">
									<conditions>
										<condition number="0" type="jump" coverage="100%"/>
									</conditions>
								</line>
								<line number="157" hits="6" branch="false"/>
								<line number="158" hits="3" branch="false"/>
								<line number="159" hits="3" branch="false"/>
								<line number="161" hits="3" branch="false"/>
								<line number="163" hits="7" branch="false"/>
								<line number="164" hits="7" branch="false"/>
								<line number="165" hits="7" branch="true" condition-coverage="100% (2/2)">
									<conditions>
										<condition number="0" type="jump" coverage="100%"/>
									</conditions>
								</line>
								<line number="166" hits="6" branch="false"/>
								<line number="167" hits="3" branch="false"/>
								<line number="168" hits="3" branch="false"/>
								<line number="170" hits="3" branch="false"/>
								<line number="172" hits="7" branch="false"/>
								<line number="173" hits="7" branch="false"/>
								<line number="174" hits="7" branch="true" condition-coverage="100% (2/2)">
									<conditions>
										<condition number="0" type="jump" coverage="100%"/>
									</conditions>
								</line>
								<line number="175" hits="6" branch="false"/>
								<line number="176" hits="3" branch="false"/>
								<line number="177" hits="3" branch="false"/>
								<line number="179" hits="3" branch="false"/>
								<line number="181" hits="7" branch="false"/>
								<line number="182" hits="7" branch="false"/>
								<line number="183" hits="7" branch="true" condition-coverage="100% (2/2)">
									<conditions>
										<condition number="0" type="jump" coverage="100%"/>
									</conditions>
								</line>
								<line number="184" hits="6" branch="false"/>
								<line number="185" hits="3" branch="false"/>
								<line number="186" hits="3" branch="false"/>
								<line number="188" hits="3" branch="false"/>
								<line number="190" hits="7" branch="false"/>
								<line number="191" hits="7" branch="false"/>
								<line number="192" hits="7" branch="true" condition-coverage="100% (2/2)">
									<conditions>
										<condition number="0" type="jump" coverage="100%"/>
									</conditions>
								</line>
								<line number="193" hits="6" branch="false"/>
								<line number="194" hits="3" branch="false"/>
								<line number="195" hits="3" branch="false"/>
								<line number="197" hits="3" branch="false"/>
								<line number="199" hits="7" branch="false"/>
								<line number="200" hits="7" branch="false"/>
								<line number="201" hits="7" branch="true" condition-coverage="100% (2/2)">
									<conditions>
										<condition number="0" type="jump" coverage="100%"/>
									</conditions>
								</line>
								<line number="202" hits="6" branch="false"/>
								<line number="203" hits="3" branch="false"/>
								<line number="204" hits="3" branch="false"/>
								<line number="206" hits="3" branch="false"/>
								<line number="208" hits="7" branch="false"/>
								<line number="209" hits="7" branch="false"/>
								<line number="210" hits="7" branch="true" condition-coverage="100% (2/2)">
									<conditions>
										<condition number="0" type="jump" coverage="100%"/>
									</conditions>
								</line>
								<line number="211" hits="6" branch="false"/>
								<line number="212" hits="3" branch="false"/>
								<line number="213" hits="3" branch="false"/>
								<line number="215" hits="3" branch="false"/>
								<line number="216" hits="7" branch="false"/>
							</lines>
						</method>
						<method name="provide" signature="()Ljava/lang/Object;" line-rate="1.0" branch-rate="1.0" complexity="0">
							<lines>
								<line number="58" hits="14" branch="false"/>
							</lines>
						</method>
						<method name="provide" signature="()Lorg/hibernate/SessionFactory;" line-rate="1.0" branch-rate="1.0" complexity="0">
							<lines>
								<line number="98" hits="7" branch="false"/>
								<line number="101" hits="7" branch="false"/>
								<line number="102" hits="7" branch="false"/>
								<line number="103" hits="7" branch="false"/>
								<line number="106" hits="14" branch="false"/>
								<line number="107" hits="7" branch="false"/>
								<line number="109" hits="7" branch="false"/>
							</lines>
						</method>
					</methods>
					<lines>
						<line number="58" hits="14" branch="false"/>
						<line number="64" hits="2" branch="false"/>
						<line number="65" hits="1" branch="false"/>
						<line number="76" hits="15" branch="false"/>
						<line number="77" hits="15" branch="false"/>
						<line number="78" hits="15" branch="false"/>
						<line number="79" hits="15" branch="false"/>
						<line number="98" hits="7" branch="false"/>
						<line number="101" hits="7" branch="false"/>
						<line number="102" hits="7" branch="false"/>
						<line number="103" hits="7" branch="false"/>
						<line number="106" hits="14" branch="false"/>
						<line number="107" hits="7" branch="false"/>
						<line number="109" hits="7" branch="false"/>
						<line number="119" hits="10" branch="true" condition-coverage="100% (4/4)">
							<conditions>
								<condition number="0" type="jump" coverage="100%"/>
								<condition number="1" type="jump" coverage="100%"/>
							</conditions>
						</line>
						<line number="120" hits="7" branch="false"/>
						<line number="121" hits="7" branch="false"/>
						<line number="123" hits="10" branch="false"/>
						<line number="133" hits="7" branch="false"/>
						<line number="134" hits="7" branch="false"/>
						<line number="136" hits="7" branch="false"/>
						<line number="137" hits="7" branch="false"/>
						<line number="138" hits="7" branch="true" condition-coverage="100% (2/2)">
							<conditions>
								<condition number="0" type="jump" coverage="100%"/>
							</conditions>
						</line>
						<line number="139" hits="6" branch="false"/>
						<line number="140" hits="3" branch="false"/>
						<line number="141" hits="3" branch="false"/>
						<line number="143" hits="3" branch="false"/>
						<line number="145" hits="7" branch="false"/>
						<line number="146" hits="7" branch="false"/>
						<line number="147" hits="7" branch="true" condition-coverage="100% (2/2)">
							<conditions>
								<condition number="0" type="jump" coverage="100%"/>
							</conditions>
						</line>
						<line number="148" hits="6" branch="false"/>
						<line number="149" hits="3" branch="false"/>
						<line number="150" hits="3" branch="false"/>
						<line number="152" hits="3" branch="false"/>
						<line number="154" hits="7" branch="false"/>
						<line number="155" hits="7" branch="false"/>
						<line number="156" hits="7" branch="true" condition-coverage="100% (2/2)">
							<conditions>
								<condition number="0" type="jump" coverage="100%"/>
							</conditions>
						</line>
						<line number="157" hits="6" branch="false"/>
						<line number="158" hits="3" branch="false"/>
						<line number="159" hits="3" branch="false"/>
						<line number="161" hits="3" branch="false"/>
						<line number="163" hits="7" branch="false"/>
						<line number="164" hits="7" branch="false"/>
						<line number="165" hits="7" branch="true" condition-coverage="100% (2/2)">
							<conditions>
								<condition number="0" type="jump" coverage="100%"/>
							</conditions>
						</line>
						<line number="166" hits="6" branch="false"/>
						<line number="167" hits="3" branch="false"/>
						<line number="168" hits="3" branch="false"/>
						<line number="170" hits="3" branch="false"/>
						<line number="172" hits="7" branch="false"/>
						<line number="173" hits="7" branch="false"/>
						<line number="174" hits="7" branch="true" condition-coverage="100% (2/2)">
							<conditions>
								<condition number="0" type="jump" coverage="100%"/>
							</conditions>
						</line>
						<line number="175" hits="6" branch="false"/>
						<line number="176" hits="3" branch="false"/>
						<line number="177" hits="3" branch="false"/>
						<line number="179" hits="3" branch="false"/>
						<line number="181" hits="7" branch="false"/>
						<line number="182" hits="7" branch="false"/>
						<line number="183" hits="7" branch="true" condition-coverage="100% (2/2)">
							<conditions>
								<condition number="0" type="jump" coverage="100%"/>
							</conditions>
						</line>
						<line number="184" hits="6" branch="false"/>
						<line number="185" hits="3" branch="false"/>
						<line number="186" hits="3" branch="false"/>
						<line number="188" hits="3" branch="false"/>
						<line number="190" hits="7" branch="false"/>
						<line number="191" hits="7" branch="false"/>
						<line number="192" hits="7" branch="true" condition-coverage="100% (2/2)">
							<conditions>
								<condition number="0" type="jump" coverage="100%"/>
							</conditions>
						</line>
						<line number="193" hits="6" branch="false"/>
						<line number="194" hits="3" branch="false"/>
						<line number="195" hits="3" branch="false"/>
						<line number="197" hits="3" branch="false"/>
						<line number="199" hits="7" branch="false"/>
						<line number="200" hits="7" branch="false"/>
						<line number="201" hits="7" branch="true" condition-coverage="100% (2/2)">
							<conditions>
								<condition number="0" type="jump" coverage="100%"/>
							</conditions>
						</line>
						<line number="202" hits="6" branch="false"/>
						<line number="203" hits="3" branch="false"/>
						<line number="204" hits="3" branch="false"/>
						<line number="206" hits="3" branch="false"/>
						<line number="208" hits="7" branch="false"/>
						<line number="209" hits="7" branch="false"/>
						<line number="210" hits="7" branch="true" condition-coverage="100% (2/2)">
							<conditions>
								<condition number="0" type="jump" coverage="100%"/>
							</conditions>
						</line>
						<line number="211" hits="6" branch="false"/>
						<line number="212" hits="3" branch="false"/>
						<line number="213" hits="3" branch="false"/>
						<line number="215" hits="3" branch="false"/>
						<line number="216" hits="7" branch="false"/>
					</lines>
				</class>
				<class name="net.krotscheck.jersey2.hibernate.factory.HibernateSessionFactoryFactory$Binder" filename="net/krotscheck/jersey2/hibernate/factory/HibernateSessionFactoryFactory.java" line-rate="1.0" branch-rate="1.0" complexity="3.2">
					<methods>
						<method name="&lt;init&gt;" signature="()V" line-rate="1.0" branch-rate="1.0" complexity="0">
							<lines>
								<line number="221" hits="7" branch="false"/>
							</lines>
						</method>
						<method name="configure" signature="()V" line-rate="1.0" branch-rate="1.0" complexity="0">
							<lines>
								<line number="225" hits="7" branch="false"/>
								<line number="226" hits="7" branch="false"/>
								<line number="227" hits="7" branch="false"/>
								<line number="228" hits="7" branch="false"/>
							</lines>
						</method>
					</methods>
					<lines>
						<line number="221" hits="7" branch="false"/>
						<line number="225" hits="7" branch="false"/>
						<line number="226" hits="7" branch="false"/>
						<line number="227" hits="7" branch="false"/>
						<line number="228" hits="7" branch="false"/>
					</lines>
				</class>
			</classes>
		</package>
	</packages>
</coverage>
