<?xml version="1.0"?>
<!DOCTYPE coverage SYSTEM "http://cobertura.sourceforge.net/xml/coverage-04.dtd">

<coverage line-rate="1.0" branch-rate="0.7058823529411765" lines-covered="132" lines-valid="132" branches-covered="24" branches-valid="34" complexity="1.6923076923076923" version="2.0.3" timestamp="1405576656717">
	<sources>
		<source>/Users/krotscheck/Desktop/jersey2-toolkit/target/checkout/jersey2-hibernate/src/main/java</source>
		<source>--source</source>
	</sources>
	<packages>
		<package name="net.krotscheck.jersey2.hibernate" line-rate="1.0" branch-rate="1.0" complexity="1.0">
			<classes>
				<class name="net.krotscheck.jersey2.hibernate.HibernateFeature" filename="net/krotscheck/jersey2/hibernate/HibernateFeature.java" line-rate="1.0" branch-rate="1.0" complexity="1.0">
					<methods>
						<method name="&lt;init&gt;" signature="()V" line-rate="1.0" branch-rate="1.0">
							<lines>
								<line number="41" hits="1" branch="false"/>
							</lines>
						</method>
						<method name="configure" signature="(Ljavax/ws/rs/core/FeatureContext;)Z" line-rate="1.0" branch-rate="1.0">
							<lines>
								<line number="53" hits="1" branch="false"/>
								<line number="54" hits="1" branch="false"/>
								<line number="55" hits="1" branch="false"/>
								<line number="56" hits="1" branch="false"/>
								<line number="57" hits="1" branch="false"/>
								<line number="60" hits="1" branch="false"/>
								<line number="62" hits="1" branch="false"/>
							</lines>
						</method>
					</methods>
					<lines>
						<line number="41" hits="1" branch="false"/>
						<line number="53" hits="1" branch="false"/>
						<line number="54" hits="1" branch="false"/>
						<line number="55" hits="1" branch="false"/>
						<line number="56" hits="1" branch="false"/>
						<line number="57" hits="1" branch="false"/>
						<line number="60" hits="1" branch="false"/>
						<line number="62" hits="1" branch="false"/>
					</lines>
				</class>
			</classes>
		</package>
		<package name="net.krotscheck.jersey2.hibernate.factory" line-rate="1.0" branch-rate="0.7058823529411765" complexity="1.85">
			<classes>
				<class name="net.krotscheck.jersey2.hibernate.factory.FulltextSearchFactoryFactory" filename="net/krotscheck/jersey2/hibernate/factory/FulltextSearchFactoryFactory.java" line-rate="1.0" branch-rate="1.0" complexity="1.0">
					<methods>
						<method name="&lt;clinit&gt;" signature="()V" line-rate="1.0" branch-rate="1.0">
							<lines>
								<line number="43" hits="1" branch="false"/>
							</lines>
						</method>
						<method name="&lt;init&gt;" signature="(Lorg/hibernate/search/FullTextSession;)V" line-rate="1.0" branch-rate="1.0">
							<lines>
								<line number="57" hits="3" branch="false"/>
								<line number="58" hits="3" branch="false"/>
								<line number="59" hits="3" branch="false"/>
							</lines>
						</method>
						<method name="dispose" signature="(Ljava/lang/Object;)V" line-rate="1.0" branch-rate="1.0">
							<lines>
							</lines>
						</method>
						<method name="dispose" signature="(Lorg/hibernate/search/SearchFactory;)V" line-rate="1.0" branch-rate="1.0">
							<lines>
								<line number="80" hits="2" branch="false"/>
							</lines>
						</method>
						<method name="provide" signature="()Ljava/lang/Object;" line-rate="1.0" branch-rate="1.0">
							<lines>
								<line number="37" hits="2" branch="false"/>
							</lines>
						</method>
						<method name="provide" signature="()Lorg/hibernate/search/SearchFactory;" line-rate="1.0" branch-rate="1.0">
							<lines>
								<line number="68" hits="2" branch="false"/>
								<line number="69" hits="2" branch="false"/>
							</lines>
						</method>
					</methods>
					<lines>
						<line number="37" hits="2" branch="false"/>
						<line number="43" hits="1" branch="false"/>
						<line number="57" hits="3" branch="false"/>
						<line number="58" hits="3" branch="false"/>
						<line number="59" hits="3" branch="false"/>
						<line number="68" hits="2" branch="false"/>
						<line number="69" hits="2" branch="false"/>
						<line number="80" hits="2" branch="false"/>
					</lines>
				</class>
				<class name="net.krotscheck.jersey2.hibernate.factory.FulltextSearchFactoryFactory$Binder" filename="net/krotscheck/jersey2/hibernate/factory/FulltextSearchFactoryFactory.java" line-rate="1.0" branch-rate="1.0" complexity="1.0">
					<methods>
						<method name="&lt;init&gt;" signature="()V" line-rate="1.0" branch-rate="1.0">
							<lines>
								<line number="85" hits="2" branch="false"/>
							</lines>
						</method>
						<method name="configure" signature="()V" line-rate="1.0" branch-rate="1.0">
							<lines>
								<line number="89" hits="2" branch="false"/>
								<line number="92" hits="2" branch="false"/>
							</lines>
						</method>
					</methods>
					<lines>
						<line number="85" hits="2" branch="false"/>
						<line number="89" hits="2" branch="false"/>
						<line number="92" hits="2" branch="false"/>
					</lines>
				</class>
				<class name="net.krotscheck.jersey2.hibernate.factory.FulltextSessionFactory" filename="net/krotscheck/jersey2/hibernate/factory/FulltextSessionFactory.java" line-rate="1.0" branch-rate="0.5" complexity="1.25">
					<methods>
						<method name="&lt;clinit&gt;" signature="()V" line-rate="1.0" branch-rate="1.0">
							<lines>
								<line number="42" hits="1" branch="false"/>
							</lines>
						</method>
						<method name="&lt;init&gt;" signature="(Lorg/hibernate/Session;)V" line-rate="1.0" branch-rate="1.0">
							<lines>
								<line number="56" hits="4" branch="false"/>
								<line number="57" hits="4" branch="false"/>
								<line number="58" hits="4" branch="false"/>
							</lines>
						</method>
						<method name="dispose" signature="(Ljava/lang/Object;)V" line-rate="1.0" branch-rate="1.0">
							<lines>
							</lines>
						</method>
						<method name="dispose" signature="(Lorg/hibernate/search/FullTextSession;)V" line-rate="1.0" branch-rate="0.5">
							<lines>
								<line number="78" hits="2" branch="true" condition-coverage="50% (1/2)">
									<conditions>
										<condition number="0" type="jump" coverage="50%"/>
									</conditions>
								</line>
								<line number="79" hits="2" branch="false"/>
								<line number="80" hits="2" branch="false"/>
								<line number="82" hits="2" branch="false"/>
							</lines>
						</method>
						<method name="provide" signature="()Ljava/lang/Object;" line-rate="1.0" branch-rate="1.0">
							<lines>
								<line number="37" hits="3" branch="false"/>
							</lines>
						</method>
						<method name="provide" signature="()Lorg/hibernate/search/FullTextSession;" line-rate="1.0" branch-rate="1.0">
							<lines>
								<line number="67" hits="3" branch="false"/>
								<line number="68" hits="3" branch="false"/>
							</lines>
						</method>
					</methods>
					<lines>
						<line number="37" hits="3" branch="false"/>
						<line number="42" hits="1" branch="false"/>
						<line number="56" hits="4" branch="false"/>
						<line number="57" hits="4" branch="false"/>
						<line number="58" hits="4" branch="false"/>
						<line number="67" hits="3" branch="false"/>
						<line number="68" hits="3" branch="false"/>
						<line number="78" hits="2" branch="true" condition-coverage="50% (1/2)">
							<conditions>
								<condition number="0" type="jump" coverage="50%"/>
							</conditions>
						</line>
						<line number="79" hits="2" branch="false"/>
						<line number="80" hits="2" branch="false"/>
						<line number="82" hits="2" branch="false"/>
					</lines>
				</class>
				<class name="net.krotscheck.jersey2.hibernate.factory.FulltextSessionFactory$Binder" filename="net/krotscheck/jersey2/hibernate/factory/FulltextSessionFactory.java" line-rate="1.0" branch-rate="1.0" complexity="1.25">
					<methods>
						<method name="&lt;init&gt;" signature="()V" line-rate="1.0" branch-rate="1.0">
							<lines>
								<line number="87" hits="3" branch="false"/>
							</lines>
						</method>
						<method name="configure" signature="()V" line-rate="1.0" branch-rate="1.0">
							<lines>
								<line number="91" hits="3" branch="false"/>
								<line number="94" hits="3" branch="false"/>
							</lines>
						</method>
					</methods>
					<lines>
						<line number="87" hits="3" branch="false"/>
						<line number="91" hits="3" branch="false"/>
						<line number="94" hits="3" branch="false"/>
					</lines>
				</class>
				<class name="net.krotscheck.jersey2.hibernate.factory.HibernateConfigurationFactory" filename="net/krotscheck/jersey2/hibernate/factory/HibernateConfigurationFactory.java" line-rate="1.0" branch-rate="1.0" complexity="1.0">
					<methods>
						<method name="&lt;clinit&gt;" signature="()V" line-rate="1.0" branch-rate="1.0">
							<lines>
								<line number="43" hits="2" branch="false"/>
							</lines>
						</method>
						<method name="&lt;init&gt;" signature="()V" line-rate="1.0" branch-rate="1.0">
							<lines>
								<line number="75" hits="19" branch="false"/>
							</lines>
						</method>
						<method name="dispose" signature="(Ljava/lang/Object;)V" line-rate="1.0" branch-rate="1.0">
							<lines>
							</lines>
						</method>
						<method name="dispose" signature="(Lorg/hibernate/cfg/Configuration;)V" line-rate="1.0" branch-rate="1.0">
							<lines>
								<line number="70" hits="9" branch="false"/>
							</lines>
						</method>
						<method name="provide" signature="()Ljava/lang/Object;" line-rate="1.0" branch-rate="1.0">
							<lines>
								<line number="37" hits="37" branch="false"/>
							</lines>
						</method>
						<method name="provide" signature="()Lorg/hibernate/cfg/Configuration;" line-rate="1.0" branch-rate="1.0">
							<lines>
								<line number="53" hits="11" branch="false"/>
								<line number="56" hits="11" branch="false"/>
								<line number="57" hits="11" branch="false"/>
								<line number="59" hits="11" branch="false"/>
							</lines>
						</method>
					</methods>
					<lines>
						<line number="37" hits="37" branch="false"/>
						<line number="43" hits="2" branch="false"/>
						<line number="53" hits="11" branch="false"/>
						<line number="56" hits="11" branch="false"/>
						<line number="57" hits="11" branch="false"/>
						<line number="59" hits="11" branch="false"/>
						<line number="70" hits="9" branch="false"/>
						<line number="75" hits="19" branch="false"/>
					</lines>
				</class>
				<class name="net.krotscheck.jersey2.hibernate.factory.HibernateConfigurationFactory$Binder" filename="net/krotscheck/jersey2/hibernate/factory/HibernateConfigurationFactory.java" line-rate="1.0" branch-rate="1.0" complexity="1.0">
					<methods>
						<method name="&lt;init&gt;" signature="()V" line-rate="1.0" branch-rate="1.0">
							<lines>
								<line number="75" hits="12" branch="false"/>
							</lines>
						</method>
						<method name="configure" signature="()V" line-rate="1.0" branch-rate="1.0">
							<lines>
								<line number="79" hits="12" branch="false"/>
								<line number="82" hits="12" branch="false"/>
							</lines>
						</method>
					</methods>
					<lines>
						<line number="75" hits="12" branch="false"/>
						<line number="79" hits="12" branch="false"/>
						<line number="82" hits="12" branch="false"/>
					</lines>
				</class>
				<class name="net.krotscheck.jersey2.hibernate.factory.HibernateSessionFactory" filename="net/krotscheck/jersey2/hibernate/factory/HibernateSessionFactory.java" line-rate="1.0" branch-rate="0.75" complexity="1.5">
					<methods>
						<method name="&lt;clinit&gt;" signature="()V" line-rate="1.0" branch-rate="1.0">
							<lines>
								<line number="44" hits="1" branch="false"/>
							</lines>
						</method>
						<method name="&lt;init&gt;" signature="(Lorg/hibernate/SessionFactory;)V" line-rate="1.0" branch-rate="1.0">
							<lines>
								<line number="58" hits="3" branch="false"/>
								<line number="59" hits="3" branch="false"/>
								<line number="60" hits="3" branch="false"/>
							</lines>
						</method>
						<method name="dispose" signature="(Ljava/lang/Object;)V" line-rate="1.0" branch-rate="1.0">
							<lines>
							</lines>
						</method>
						<method name="dispose" signature="(Lorg/hibernate/Session;)V" line-rate="1.0" branch-rate="0.75">
							<lines>
								<line number="80" hits="2" branch="true" condition-coverage="75% (3/4)">
									<conditions>
										<condition number="0" type="jump" coverage="50%"/>
										<condition number="1" type="jump" coverage="100%"/>
									</conditions>
								</line>
								<line number="81" hits="1" branch="false"/>
								<line number="82" hits="1" branch="false"/>
								<line number="84" hits="2" branch="false"/>
							</lines>
						</method>
						<method name="provide" signature="()Ljava/lang/Object;" line-rate="1.0" branch-rate="1.0">
							<lines>
								<line number="39" hits="2" branch="false"/>
							</lines>
						</method>
						<method name="provide" signature="()Lorg/hibernate/Session;" line-rate="1.0" branch-rate="1.0">
							<lines>
								<line number="69" hits="2" branch="false"/>
								<line number="70" hits="2" branch="false"/>
							</lines>
						</method>
					</methods>
					<lines>
						<line number="39" hits="2" branch="false"/>
						<line number="44" hits="1" branch="false"/>
						<line number="58" hits="3" branch="false"/>
						<line number="59" hits="3" branch="false"/>
						<line number="60" hits="3" branch="false"/>
						<line number="69" hits="2" branch="false"/>
						<line number="70" hits="2" branch="false"/>
						<line number="80" hits="2" branch="true" condition-coverage="75% (3/4)">
							<conditions>
								<condition number="0" type="jump" coverage="50%"/>
								<condition number="1" type="jump" coverage="100%"/>
							</conditions>
						</line>
						<line number="81" hits="1" branch="false"/>
						<line number="82" hits="1" branch="false"/>
						<line number="84" hits="2" branch="false"/>
					</lines>
				</class>
				<class name="net.krotscheck.jersey2.hibernate.factory.HibernateSessionFactory$Binder" filename="net/krotscheck/jersey2/hibernate/factory/HibernateSessionFactory.java" line-rate="1.0" branch-rate="1.0" complexity="1.5">
					<methods>
						<method name="&lt;init&gt;" signature="()V" line-rate="1.0" branch-rate="1.0">
							<lines>
								<line number="89" hits="4" branch="false"/>
							</lines>
						</method>
						<method name="configure" signature="()V" line-rate="1.0" branch-rate="1.0">
							<lines>
								<line number="93" hits="4" branch="false"/>
								<line number="96" hits="4" branch="false"/>
							</lines>
						</method>
					</methods>
					<lines>
						<line number="89" hits="4" branch="false"/>
						<line number="93" hits="4" branch="false"/>
						<line number="96" hits="4" branch="false"/>
					</lines>
				</class>
				<class name="net.krotscheck.jersey2.hibernate.factory.HibernateSessionFactoryFactory" filename="net/krotscheck/jersey2/hibernate/factory/HibernateSessionFactoryFactory.java" line-rate="1.0" branch-rate="0.7142857142857143" complexity="3.8">
					<methods>
						<method name="&lt;clinit&gt;" signature="()V" line-rate="1.0" branch-rate="1.0">
							<lines>
								<line number="62" hits="2" branch="false"/>
							</lines>
						</method>
						<method name="&lt;init&gt;" signature="(Lorg/hibernate/cfg/Configuration;Lorg/glassfish/hk2/api/ServiceLocator;)V" line-rate="1.0" branch-rate="1.0">
							<lines>
								<line number="74" hits="11" branch="false"/>
								<line number="75" hits="11" branch="false"/>
								<line number="76" hits="11" branch="false"/>
								<line number="77" hits="11" branch="false"/>
							</lines>
						</method>
						<method name="dispose" signature="(Ljava/lang/Object;)V" line-rate="1.0" branch-rate="1.0">
							<lines>
							</lines>
						</method>
						<method name="dispose" signature="(Lorg/hibernate/SessionFactory;)V" line-rate="1.0" branch-rate="0.5">
							<lines>
								<line number="119" hits="1" branch="true" condition-coverage="50% (2/4)">
									<conditions>
										<condition number="0" type="jump" coverage="50%"/>
										<condition number="1" type="jump" coverage="50%"/>
									</conditions>
								</line>
								<line number="120" hits="1" branch="false"/>
								<line number="121" hits="1" branch="false"/>
								<line number="123" hits="1" branch="false"/>
							</lines>
						</method>
						<method name="injectEventListeners" signature="(Lorg/hibernate/service/ServiceRegistry;)V" line-rate="1.0" branch-rate="0.75">
							<lines>
								<line number="133" hits="10" branch="false"/>
								<line number="136" hits="10" branch="false"/>
								<line number="138" hits="10" branch="true" condition-coverage="50% (1/2)">
									<conditions>
										<condition number="0" type="jump" coverage="50%"/>
									</conditions>
								</line>
								<line number="139" hits="10" branch="true" condition-coverage="100% (2/2)">
									<conditions>
										<condition number="0" type="jump" coverage="100%"/>
									</conditions>
								</line>
								<line number="140" hits="3" branch="false"/>
								<line number="142" hits="3" branch="false"/>
								<line number="144" hits="3" branch="false"/>
								<line number="147" hits="10" branch="false"/>
								<line number="149" hits="10" branch="true" condition-coverage="50% (1/2)">
									<conditions>
										<condition number="0" type="jump" coverage="50%"/>
									</conditions>
								</line>
								<line number="150" hits="10" branch="true" condition-coverage="100% (2/2)">
									<conditions>
										<condition number="0" type="jump" coverage="100%"/>
									</conditions>
								</line>
								<line number="151" hits="3" branch="false"/>
								<line number="153" hits="3" branch="false"/>
								<line number="155" hits="3" branch="false"/>
								<line number="158" hits="10" branch="false"/>
								<line number="160" hits="10" branch="true" condition-coverage="50% (1/2)">
									<conditions>
										<condition number="0" type="jump" coverage="50%"/>
									</conditions>
								</line>
								<line number="161" hits="10" branch="true" condition-coverage="100% (2/2)">
									<conditions>
										<condition number="0" type="jump" coverage="100%"/>
									</conditions>
								</line>
								<line number="162" hits="3" branch="false"/>
								<line number="164" hits="3" branch="false"/>
								<line number="166" hits="3" branch="false"/>
								<line number="169" hits="10" branch="false"/>
								<line number="171" hits="10" branch="true" condition-coverage="50% (1/2)">
									<conditions>
										<condition number="0" type="jump" coverage="50%"/>
									</conditions>
								</line>
								<line number="172" hits="10" branch="true" condition-coverage="100% (2/2)">
									<conditions>
										<condition number="0" type="jump" coverage="100%"/>
									</conditions>
								</line>
								<line number="173" hits="3" branch="false"/>
								<line number="175" hits="3" branch="false"/>
								<line number="177" hits="3" branch="false"/>
								<line number="180" hits="10" branch="false"/>
								<line number="182" hits="10" branch="true" condition-coverage="50% (1/2)">
									<conditions>
										<condition number="0" type="jump" coverage="50%"/>
									</conditions>
								</line>
								<line number="183" hits="10" branch="true" condition-coverage="100% (2/2)">
									<conditions>
										<condition number="0" type="jump" coverage="100%"/>
									</conditions>
								</line>
								<line number="184" hits="3" branch="false"/>
								<line number="186" hits="3" branch="false"/>
								<line number="188" hits="3" branch="false"/>
								<line number="191" hits="10" branch="false"/>
								<line number="193" hits="10" branch="true" condition-coverage="50% (1/2)">
									<conditions>
										<condition number="0" type="jump" coverage="50%"/>
									</conditions>
								</line>
								<line number="194" hits="10" branch="true" condition-coverage="100% (2/2)">
									<conditions>
										<condition number="0" type="jump" coverage="100%"/>
									</conditions>
								</line>
								<line number="195" hits="3" branch="false"/>
								<line number="197" hits="3" branch="false"/>
								<line number="199" hits="3" branch="false"/>
								<line number="201" hits="10" branch="false"/>
							</lines>
						</method>
						<method name="provide" signature="()Ljava/lang/Object;" line-rate="1.0" branch-rate="1.0">
							<lines>
								<line number="56" hits="10" branch="false"/>
							</lines>
						</method>
						<method name="provide" signature="()Lorg/hibernate/SessionFactory;" line-rate="1.0" branch-rate="1.0">
							<lines>
								<line number="96" hits="10" branch="false"/>
								<line number="99" hits="10" branch="false"/>
								<line number="103" hits="10" branch="false"/>
								<line number="106" hits="10" branch="false"/>
								<line number="109" hits="10" branch="false"/>
							</lines>
						</method>
					</methods>
					<lines>
						<line number="56" hits="10" branch="false"/>
						<line number="62" hits="2" branch="false"/>
						<line number="74" hits="11" branch="false"/>
						<line number="75" hits="11" branch="false"/>
						<line number="76" hits="11" branch="false"/>
						<line number="77" hits="11" branch="false"/>
						<line number="96" hits="10" branch="false"/>
						<line number="99" hits="10" branch="false"/>
						<line number="103" hits="10" branch="false"/>
						<line number="106" hits="10" branch="false"/>
						<line number="109" hits="10" branch="false"/>
						<line number="119" hits="1" branch="true" condition-coverage="50% (2/4)">
							<conditions>
								<condition number="0" type="jump" coverage="50%"/>
								<condition number="1" type="jump" coverage="50%"/>
							</conditions>
						</line>
						<line number="120" hits="1" branch="false"/>
						<line number="121" hits="1" branch="false"/>
						<line number="123" hits="1" branch="false"/>
						<line number="133" hits="10" branch="false"/>
						<line number="136" hits="10" branch="false"/>
						<line number="138" hits="10" branch="true" condition-coverage="50% (1/2)">
							<conditions>
								<condition number="0" type="jump" coverage="50%"/>
							</conditions>
						</line>
						<line number="139" hits="10" branch="true" condition-coverage="100% (2/2)">
							<conditions>
								<condition number="0" type="jump" coverage="100%"/>
							</conditions>
						</line>
						<line number="140" hits="3" branch="false"/>
						<line number="142" hits="3" branch="false"/>
						<line number="144" hits="3" branch="false"/>
						<line number="147" hits="10" branch="false"/>
						<line number="149" hits="10" branch="true" condition-coverage="50% (1/2)">
							<conditions>
								<condition number="0" type="jump" coverage="50%"/>
							</conditions>
						</line>
						<line number="150" hits="10" branch="true" condition-coverage="100% (2/2)">
							<conditions>
								<condition number="0" type="jump" coverage="100%"/>
							</conditions>
						</line>
						<line number="151" hits="3" branch="false"/>
						<line number="153" hits="3" branch="false"/>
						<line number="155" hits="3" branch="false"/>
						<line number="158" hits="10" branch="false"/>
						<line number="160" hits="10" branch="true" condition-coverage="50% (1/2)">
							<conditions>
								<condition number="0" type="jump" coverage="50%"/>
							</conditions>
						</line>
						<line number="161" hits="10" branch="true" condition-coverage="100% (2/2)">
							<conditions>
								<condition number="0" type="jump" coverage="100%"/>
							</conditions>
						</line>
						<line number="162" hits="3" branch="false"/>
						<line number="164" hits="3" branch="false"/>
						<line number="166" hits="3" branch="false"/>
						<line number="169" hits="10" branch="false"/>
						<line number="171" hits="10" branch="true" condition-coverage="50% (1/2)">
							<conditions>
								<condition number="0" type="jump" coverage="50%"/>
							</conditions>
						</line>
						<line number="172" hits="10" branch="true" condition-coverage="100% (2/2)">
							<conditions>
								<condition number="0" type="jump" coverage="100%"/>
							</conditions>
						</line>
						<line number="173" hits="3" branch="false"/>
						<line number="175" hits="3" branch="false"/>
						<line number="177" hits="3" branch="false"/>
						<line number="180" hits="10" branch="false"/>
						<line number="182" hits="10" branch="true" condition-coverage="50% (1/2)">
							<conditions>
								<condition number="0" type="jump" coverage="50%"/>
							</conditions>
						</line>
						<line number="183" hits="10" branch="true" condition-coverage="100% (2/2)">
							<conditions>
								<condition number="0" type="jump" coverage="100%"/>
							</conditions>
						</line>
						<line number="184" hits="3" branch="false"/>
						<line number="186" hits="3" branch="false"/>
						<line number="188" hits="3" branch="false"/>
						<line number="191" hits="10" branch="false"/>
						<line number="193" hits="10" branch="true" condition-coverage="50% (1/2)">
							<conditions>
								<condition number="0" type="jump" coverage="50%"/>
							</conditions>
						</line>
						<line number="194" hits="10" branch="true" condition-coverage="100% (2/2)">
							<conditions>
								<condition number="0" type="jump" coverage="100%"/>
							</conditions>
						</line>
						<line number="195" hits="3" branch="false"/>
						<line number="197" hits="3" branch="false"/>
						<line number="199" hits="3" branch="false"/>
						<line number="201" hits="10" branch="false"/>
					</lines>
				</class>
				<class name="net.krotscheck.jersey2.hibernate.factory.HibernateSessionFactoryFactory$Binder" filename="net/krotscheck/jersey2/hibernate/factory/HibernateSessionFactoryFactory.java" line-rate="1.0" branch-rate="1.0" complexity="3.8">
					<methods>
						<method name="&lt;init&gt;" signature="()V" line-rate="1.0" branch-rate="1.0">
							<lines>
								<line number="206" hits="11" branch="false"/>
							</lines>
						</method>
						<method name="configure" signature="()V" line-rate="1.0" branch-rate="1.0">
							<lines>
								<line number="210" hits="11" branch="false"/>
								<line number="213" hits="11" branch="false"/>
							</lines>
						</method>
					</methods>
					<lines>
						<line number="206" hits="11" branch="false"/>
						<line number="210" hits="11" branch="false"/>
						<line number="213" hits="11" branch="false"/>
					</lines>
				</class>
			</classes>
		</package>
		<package name="net.krotscheck.jersey2.hibernate.lifecycle" line-rate="1.0" branch-rate="1.0" complexity="1.2">
			<classes>
				<class name="net.krotscheck.jersey2.hibernate.lifecycle.SearchIndexContextListener" filename="net/krotscheck/jersey2/hibernate/lifecycle/SearchIndexContextListener.java" line-rate="1.0" branch-rate="1.0" complexity="1.2">
					<methods>
						<method name="&lt;clinit&gt;" signature="()V" line-rate="1.0" branch-rate="1.0">
							<lines>
								<line number="45" hits="2" branch="false"/>
							</lines>
						</method>
						<method name="&lt;init&gt;" signature="(Lorg/hibernate/SessionFactory;)V" line-rate="1.0" branch-rate="1.0">
							<lines>
								<line number="60" hits="5" branch="false"/>
								<line number="61" hits="5" branch="false"/>
								<line number="62" hits="5" branch="false"/>
							</lines>
						</method>
						<method name="onReload" signature="(Lorg/glassfish/jersey/server/spi/Container;)V" line-rate="1.0" branch-rate="1.0">
							<lines>
								<line number="94" hits="2" branch="false"/>
							</lines>
						</method>
						<method name="onShutdown" signature="(Lorg/glassfish/jersey/server/spi/Container;)V" line-rate="1.0" branch-rate="1.0">
							<lines>
								<line number="104" hits="1" branch="false"/>
							</lines>
						</method>
						<method name="onStartup" signature="(Lorg/glassfish/jersey/server/spi/Container;)V" line-rate="1.0" branch-rate="1.0">
							<lines>
								<line number="71" hits="3" branch="false"/>
								<line number="72" hits="3" branch="false"/>
								<line number="73" hits="3" branch="false"/>
								<line number="76" hits="3" branch="false"/>
								<line number="79" hits="1" branch="false"/>
								<line number="80" hits="1" branch="false"/>
								<line number="82" hits="3" branch="false"/>
								<line number="83" hits="3" branch="false"/>
								<line number="84" hits="3" branch="false"/>
							</lines>
						</method>
					</methods>
					<lines>
						<line number="45" hits="2" branch="false"/>
						<line number="60" hits="5" branch="false"/>
						<line number="61" hits="5" branch="false"/>
						<line number="62" hits="5" branch="false"/>
						<line number="71" hits="3" branch="false"/>
						<line number="72" hits="3" branch="false"/>
						<line number="73" hits="3" branch="false"/>
						<line number="76" hits="3" branch="false"/>
						<line number="79" hits="1" branch="false"/>
						<line number="80" hits="1" branch="false"/>
						<line number="82" hits="3" branch="false"/>
						<line number="83" hits="3" branch="false"/>
						<line number="84" hits="3" branch="false"/>
						<line number="94" hits="2" branch="false"/>
						<line number="104" hits="1" branch="false"/>
					</lines>
				</class>
				<class name="net.krotscheck.jersey2.hibernate.lifecycle.SearchIndexContextListener$Binder" filename="net/krotscheck/jersey2/hibernate/lifecycle/SearchIndexContextListener.java" line-rate="1.0" branch-rate="1.0" complexity="1.2">
					<methods>
						<method name="&lt;init&gt;" signature="()V" line-rate="1.0" branch-rate="1.0">
							<lines>
								<line number="109" hits="1" branch="false"/>
							</lines>
						</method>
						<method name="configure" signature="()V" line-rate="1.0" branch-rate="1.0">
							<lines>
								<line number="113" hits="1" branch="false"/>
								<line number="116" hits="1" branch="false"/>
							</lines>
						</method>
					</methods>
					<lines>
						<line number="109" hits="1" branch="false"/>
						<line number="113" hits="1" branch="false"/>
						<line number="116" hits="1" branch="false"/>
					</lines>
				</class>
			</classes>
		</package>
	</packages>
</coverage>
