<?xml version="1.0"?>
<!DOCTYPE coverage SYSTEM "http://cobertura.sourceforge.net/xml/coverage-04.dtd">

<coverage line-rate="1.0" branch-rate="0.8333333333333334" lines-covered="30" lines-valid="30" branches-covered="10" branches-valid="12" complexity="3.8" version="2.0.3" timestamp="1412222902020">
	<sources>
		<source>--source</source>
		<source>/Users/krotscheck/Desktop/jersey2-toolkit/target/checkout/jersey2-util/src/main/java</source>
	</sources>
	<packages>
		<package name="net.krotscheck.test" line-rate="1.0" branch-rate="1.0" complexity="0.0">
			<classes>
				<class name="net.krotscheck.test.IntegrationTest" filename="net/krotscheck/test/IntegrationTest.java" line-rate="1.0" branch-rate="1.0" complexity="0.0">
					<methods>
					</methods>
					<lines>
					</lines>
				</class>
				<class name="net.krotscheck.test.UnitTest" filename="net/krotscheck/test/UnitTest.java" line-rate="1.0" branch-rate="1.0" complexity="0.0">
					<methods>
					</methods>
					<lines>
					</lines>
				</class>
			</classes>
		</package>
		<package name="net.krotscheck.util" line-rate="1.0" branch-rate="0.8333333333333334" complexity="3.8">
			<classes>
				<class name="net.krotscheck.util.ResourceUtil" filename="net/krotscheck/util/ResourceUtil.java" line-rate="1.0" branch-rate="0.8333333333333334" complexity="3.8">
					<methods>
						<method name="&lt;clinit&gt;" signature="()V" line-rate="1.0" branch-rate="1.0">
							<lines>
								<line number="48" hits="1" branch="false"/>
							</lines>
						</method>
						<method name="&lt;init&gt;" signature="()V" line-rate="1.0" branch-rate="1.0">
							<lines>
								<line number="42" hits="1" branch="false"/>
								<line number="43" hits="1" branch="false"/>
							</lines>
						</method>
						<method name="getFileForResource" signature="(Ljava/lang/String;)Ljava/io/File;" line-rate="1.0" branch-rate="1.0">
							<lines>
								<line number="74" hits="10" branch="false"/>
								<line number="75" hits="10" branch="true" condition-coverage="100% (2/2)">
									<conditions>
										<condition number="0" type="jump" coverage="100%"/>
									</conditions>
								</line>
								<line number="76" hits="3" branch="false"/>
								<line number="77" hits="3" branch="false"/>
								<line number="80" hits="7" branch="false"/>
							</lines>
						</method>
						<method name="getPathForResource" signature="(Ljava/lang/String;)Ljava/lang/String;" line-rate="1.0" branch-rate="1.0">
							<lines>
								<line number="57" hits="2" branch="false"/>
								<line number="58" hits="2" branch="true" condition-coverage="100% (2/2)">
									<conditions>
										<condition number="0" type="jump" coverage="100%"/>
									</conditions>
								</line>
								<line number="59" hits="1" branch="false"/>
								<line number="60" hits="1" branch="false"/>
								<line number="61" hits="1" branch="false"/>
								<line number="64" hits="1" branch="false"/>
							</lines>
						</method>
						<method name="getResourceAsStream" signature="(Ljava/lang/String;)Ljava/io/InputStream;" line-rate="1.0" branch-rate="0.75">
							<lines>
								<line number="115" hits="3" branch="false"/>
								<line number="117" hits="3" branch="true" condition-coverage="75% (3/4)">
									<conditions>
										<condition number="0" type="jump" coverage="100%"/>
										<condition number="1" type="jump" coverage="50%"/>
									</conditions>
								</line>
								<line number="118" hits="1" branch="false"/>
								<line number="120" hits="1" branch="false"/>
								<line number="124" hits="2" branch="false"/>
								<line number="125" hits="1" branch="false"/>
								<line number="126" hits="1" branch="false"/>
								<line number="127" hits="1" branch="false"/>
							</lines>
						</method>
						<method name="getResourceAsString" signature="(Ljava/lang/String;)Ljava/lang/String;" line-rate="1.0" branch-rate="0.75">
							<lines>
								<line number="91" hits="3" branch="false"/>
								<line number="93" hits="3" branch="true" condition-coverage="75% (3/4)">
									<conditions>
										<condition number="0" type="jump" coverage="100%"/>
										<condition number="1" type="jump" coverage="50%"/>
									</conditions>
								</line>
								<line number="94" hits="1" branch="false"/>
								<line number="96" hits="1" branch="false"/>
								<line number="100" hits="2" branch="false"/>
								<line number="101" hits="1" branch="false"/>
								<line number="102" hits="1" branch="false"/>
								<line number="103" hits="1" branch="false"/>
							</lines>
						</method>
					</methods>
					<lines>
						<line number="42" hits="1" branch="false"/>
						<line number="43" hits="1" branch="false"/>
						<line number="48" hits="1" branch="false"/>
						<line number="57" hits="2" branch="false"/>
						<line number="58" hits="2" branch="true" condition-coverage="100% (2/2)">
							<conditions>
								<condition number="0" type="jump" coverage="100%"/>
							</conditions>
						</line>
						<line number="59" hits="1" branch="false"/>
						<line number="60" hits="1" branch="false"/>
						<line number="61" hits="1" branch="false"/>
						<line number="64" hits="1" branch="false"/>
						<line number="74" hits="10" branch="false"/>
						<line number="75" hits="10" branch="true" condition-coverage="100% (2/2)">
							<conditions>
								<condition number="0" type="jump" coverage="100%"/>
							</conditions>
						</line>
						<line number="76" hits="3" branch="false"/>
						<line number="77" hits="3" branch="false"/>
						<line number="80" hits="7" branch="false"/>
						<line number="91" hits="3" branch="false"/>
						<line number="93" hits="3" branch="true" condition-coverage="75% (3/4)">
							<conditions>
								<condition number="0" type="jump" coverage="100%"/>
								<condition number="1" type="jump" coverage="50%"/>
							</conditions>
						</line>
						<line number="94" hits="1" branch="false"/>
						<line number="96" hits="1" branch="false"/>
						<line number="100" hits="2" branch="false"/>
						<line number="101" hits="1" branch="false"/>
						<line number="102" hits="1" branch="false"/>
						<line number="103" hits="1" branch="false"/>
						<line number="115" hits="3" branch="false"/>
						<line number="117" hits="3" branch="true" condition-coverage="75% (3/4)">
							<conditions>
								<condition number="0" type="jump" coverage="100%"/>
								<condition number="1" type="jump" coverage="50%"/>
							</conditions>
						</line>
						<line number="118" hits="1" branch="false"/>
						<line number="120" hits="1" branch="false"/>
						<line number="124" hits="2" branch="false"/>
						<line number="125" hits="1" branch="false"/>
						<line number="126" hits="1" branch="false"/>
						<line number="127" hits="1" branch="false"/>
					</lines>
				</class>
			</classes>
		</package>
	</packages>
</coverage>
